vid count  100 100
total images: 100; total batches: 100
hypernet  602767200
encoder  0
decoder  0
binarizer  0
/home_01/f20150198/miniconda2/envs/python3/lib/python3.5/site-packages/torch/nn/functional.py:1006: UserWarning: nn.functional.sigmoid is deprecated. Use torch.sigmoid instead.
  warnings.warn("nn.functional.sigmoid is deprecated. Use torch.sigmoid instead.")
/home_01/f20150198/miniconda2/envs/python3/lib/python3.5/site-packages/torch/nn/functional.py:995: UserWarning: nn.functional.tanh is deprecated. Use torch.tanh instead.
  warnings.warn("nn.functional.tanh is deprecated. Use torch.tanh instead.")
train.py:184: UserWarning: invalid index of a 0-dim tensor. This will be an error in PyTorch 0.5. Use tensor.item() to convert a 0-dim tensor to a Python number
  loss_mini_batch += loss.data[0]
[TRAIN] Epoch[651](11/100); Loss: 0.276465; Backpropagation: 0.4763 sec; Batch: 1.7915 sec
train.py:193: UserWarning: invalid index of a 0-dim tensor. This will be an error in PyTorch 0.5. Use tensor.item() to convert a 0-dim tensor to a Python number
  print(('{:.4f} ' * args.iterations +'\n').format(* [l.data[0] for l in np.array(all_losses).mean(axis=0)]))
0.2513 0.2513 0.2513 0.2513 0.2513 0.2513 0.2513 0.2513 0.2513 0.2513 0.2513 0.2513 0.2513 0.2513 0.2513 0.2513 

[TRAIN] Epoch[651](21/100); Loss: 0.256577; Backpropagation: 0.4773 sec; Batch: 1.7841 sec
0.2566 0.2566 0.2566 0.2566 0.2566 0.2566 0.2566 0.2566 0.2566 0.2566 0.2566 0.2566 0.2566 0.2566 0.2566 0.2566 

[TRAIN] Epoch[651](31/100); Loss: 0.280899; Backpropagation: 0.4766 sec; Batch: 1.7813 sec
0.2809 0.2809 0.2809 0.2809 0.2809 0.2809 0.2809 0.2809 0.2809 0.2809 0.2809 0.2809 0.2809 0.2809 0.2809 0.2809 

[TRAIN] Epoch[651](41/100); Loss: 0.241912; Backpropagation: 0.4776 sec; Batch: 1.7845 sec
0.2419 0.2419 0.2419 0.2419 0.2419 0.2419 0.2419 0.2419 0.2419 0.2419 0.2419 0.2419 0.2419 0.2419 0.2419 0.2419 

[TRAIN] Epoch[651](51/100); Loss: 0.262852; Backpropagation: 0.4775 sec; Batch: 1.7825 sec
0.2629 0.2629 0.2629 0.2629 0.2629 0.2629 0.2629 0.2629 0.2629 0.2629 0.2629 0.2629 0.2629 0.2629 0.2629 0.2629 

[TRAIN] Epoch[651](61/100); Loss: 0.223481; Backpropagation: 0.4775 sec; Batch: 1.7803 sec
0.2235 0.2235 0.2235 0.2235 0.2235 0.2235 0.2235 0.2235 0.2235 0.2235 0.2235 0.2235 0.2235 0.2235 0.2235 0.2235 

[TRAIN] Epoch[651](71/100); Loss: 0.222831; Backpropagation: 0.4772 sec; Batch: 1.7810 sec
0.2228 0.2228 0.2228 0.2228 0.2228 0.2228 0.2228 0.2228 0.2228 0.2228 0.2228 0.2228 0.2228 0.2228 0.2228 0.2228 

[TRAIN] Epoch[651](81/100); Loss: 0.240329; Backpropagation: 0.4776 sec; Batch: 1.7825 sec
0.2403 0.2403 0.2403 0.2403 0.2403 0.2403 0.2403 0.2403 0.2403 0.2403 0.2403 0.2403 0.2403 0.2403 0.2403 0.2403 

[TRAIN] Epoch[651](91/100); Loss: 0.230772; Backpropagation: 0.4775 sec; Batch: 1.7798 sec
0.2308 0.2308 0.2308 0.2308 0.2308 0.2308 0.2308 0.2308 0.2308 0.2308 0.2308 0.2308 0.2308 0.2308 0.2308 0.2308 

[TRAIN] Epoch[652](1/100); Loss: 0.248292; Backpropagation: 0.4812 sec; Batch: 1.7053 sec
0.2483 0.2483 0.2483 0.2483 0.2483 0.2483 0.2483 0.2483 0.2483 0.2483 0.2483 0.2483 0.2483 0.2483 0.2483 0.2483 

[TRAIN] Epoch[652](11/100); Loss: 0.256045; Backpropagation: 0.4816 sec; Batch: 1.7842 sec
0.2560 0.2560 0.2560 0.2560 0.2560 0.2560 0.2560 0.2560 0.2560 0.2560 0.2560 0.2560 0.2560 0.2560 0.2560 0.2560 

[TRAIN] Epoch[652](21/100); Loss: 0.263012; Backpropagation: 0.4805 sec; Batch: 1.7836 sec
0.2630 0.2630 0.2630 0.2630 0.2630 0.2630 0.2630 0.2630 0.2630 0.2630 0.2630 0.2630 0.2630 0.2630 0.2630 0.2630 

[TRAIN] Epoch[652](31/100); Loss: 0.211298; Backpropagation: 0.4778 sec; Batch: 1.7795 sec
0.2113 0.2113 0.2113 0.2113 0.2113 0.2113 0.2113 0.2113 0.2113 0.2113 0.2113 0.2113 0.2113 0.2113 0.2113 0.2113 

[TRAIN] Epoch[652](41/100); Loss: 0.264507; Backpropagation: 0.4774 sec; Batch: 1.7791 sec
0.2645 0.2645 0.2645 0.2645 0.2645 0.2645 0.2645 0.2645 0.2645 0.2645 0.2645 0.2645 0.2645 0.2645 0.2645 0.2645 

[TRAIN] Epoch[652](51/100); Loss: 0.268624; Backpropagation: 0.4770 sec; Batch: 1.7785 sec
0.2686 0.2686 0.2686 0.2686 0.2686 0.2686 0.2686 0.2686 0.2686 0.2686 0.2686 0.2686 0.2686 0.2686 0.2686 0.2686 

[TRAIN] Epoch[652](61/100); Loss: 0.261591; Backpropagation: 0.4777 sec; Batch: 1.7795 sec
0.2616 0.2616 0.2616 0.2616 0.2616 0.2616 0.2616 0.2616 0.2616 0.2616 0.2616 0.2616 0.2616 0.2616 0.2616 0.2616 

[TRAIN] Epoch[652](71/100); Loss: 0.249830; Backpropagation: 0.4778 sec; Batch: 1.7789 sec
0.2498 0.2498 0.2498 0.2498 0.2498 0.2498 0.2498 0.2498 0.2498 0.2498 0.2498 0.2498 0.2498 0.2498 0.2498 0.2498 

[TRAIN] Epoch[652](81/100); Loss: 0.240564; Backpropagation: 0.4771 sec; Batch: 1.7786 sec
0.2406 0.2406 0.2406 0.2406 0.2406 0.2406 0.2406 0.2406 0.2406 0.2406 0.2406 0.2406 0.2406 0.2406 0.2406 0.2406 

[TRAIN] Epoch[652](91/100); Loss: 0.220721; Backpropagation: 0.4773 sec; Batch: 1.7792 sec
0.2207 0.2207 0.2207 0.2207 0.2207 0.2207 0.2207 0.2207 0.2207 0.2207 0.2207 0.2207 0.2207 0.2207 0.2207 0.2207 

